<?xml version="1.0" encoding="UTF-8"?>
<testsuite name="enter the page" tests="1" skipped="0" failures="1" errors="0" timestamp="2022-08-31T21:11:28" hostname="DESKTOP-7MNG5Q6" time="0.984">
  <properties/>
  <testcase name="enter the page" classname="enter the page" time="0.984">
    <failure message="java.lang.NullPointerException: Cannot invoke &quot;net.serenitybdd.screenplay.actors.Stage.theActorInTheSpotlight()&quot; because the return value of &quot;net.serenitybdd.screenplay.actors.OnStage.stage()&quot; is null" type="java.lang.NullPointerException">java.lang.NullPointerException: Cannot invoke &quot;net.serenitybdd.screenplay.actors.Stage.theActorInTheSpotlight()&quot; because the return value of &quot;net.serenitybdd.screenplay.actors.OnStage.stage()&quot; is null
	at net.serenitybdd.screenplay.actors.OnStage.theActorInTheSpotlight(OnStage.java:57)
	at co.com.andrescepeda.stepdefinitions.NoticiasStepDefinition.since_you_enter_the_website(NoticiasStepDefinition.java:30)
	at âœ½.Since you enter the website &quot;https://andrescepeda.com.co/welcome&quot;(src/test/resources/features/noticias.feature:3)
</failure>
  </testcase>
  <system-out><![CDATA[]]></system-out>
  <system-err><![CDATA[[Test worker] INFO net.thucydides.core.steps.ConsoleLoggingListener - STARTING STEP Given Since you enter the website "https://andrescepeda.com.co/welcome"
[Test worker] INFO net.thucydides.core.steps.ConsoleLoggingListener - ?[91mSTEP ERROR: java.lang.NullPointerException: Cannot invoke "net.serenitybdd.screenplay.actors.Stage.theActorInTheSpotlight()" because the return value of "net.serenitybdd.screenplay.actors.OnStage.stage()" is null?[0m
[Test worker] INFO net.thucydides.core.steps.ConsoleLoggingListener - STARTING STEP When you select the News option and select a publication
[Test worker] INFO net.thucydides.core.steps.ConsoleLoggingListener - ?[33mIGNORING STEP?[0m
[Test worker] INFO net.thucydides.core.steps.ConsoleLoggingListener - STARTING STEP Then You will then need to validate that the information provided by the page is displayed in the console and compared to a text.
[Test worker] INFO net.thucydides.core.steps.ConsoleLoggingListener - ?[33mIGNORING STEP?[0m
[Test worker] ERROR net.thucydides.core.steps.ConsoleLoggingListener - ?[91m
           __  _____ _____ ____ _____   _____ _    ___ _     _____ ____  
  _       / / |_   _| ____/ ___|_   _| |  ___/ \  |_ _| |   | ____|  _ \ 
 (_)_____| |    | | |  _| \___ \ | |   | |_ / _ \  | || |   |  _| | | | |
  _|_____| |    | | | |___ ___) || |   |  _/ ___ \ | || |___| |___| |_| |
 (_)     | |    |_| |_____|____/ |_|   |_|/_/   \_\___|_____|_____|____/ 
          \_\                                                            

TEST FAILED WITH ERROR: enter the page
---------------------------------------------------------------------?[0m
[Test worker] ERROR net.thucydides.core.steps.ConsoleLoggingListener - ?[91mTEST FAILED AT STEP Given Since you enter the website "https://andrescepeda.com.co/welcome"?[0m
[Test worker] ERROR net.thucydides.core.steps.ConsoleLoggingListener - Cannot invoke "net.serenitybdd.screenplay.actors.Stage.theActorInTheSpotlight()" because the return value of "net.serenitybdd.screenplay.actors.OnStage.stage()" is null
]]></system-err>
</testsuite>
