<?xml version="1.0" encoding="UTF-8"?><testsuite errors="1" failures="0" name="enter the page" skipped="0" tests="5" time="72.71" timestamp="2022-09-01 04:21:40"><testcase name="Interact to website on the option News"/><testcase name="Interact to website on the option Bio"/><testcase name="Interact to website on the option Events"><error message="element click intercepted: Element &lt;a href=&quot;/live&quot; class=&quot;sqs-block-button-element--small sqs-button-element--tertiary sqs-block-button-element&quot; data-initialized=&quot;true&quot;&gt;...&lt;/a&gt; is not clickable at point (674, 22). Other element would receive the click: &lt;a href=&quot;/#discografa-section&quot;&gt;...&lt;/a&gt;&#10;  (Session info: chrome=105.0.5195.53)&#10;Build info: version: '3.141.59', revision: 'e82be7d358', time: '2018-11-14T08:17:03'&#10;System info: host: 'DESKTOP-7PSJJ0Q', ip: '10.185.81.80', os.name: 'Windows 10', os.arch: 'amd64', os.version: '10.0', java.version: '15'&#10;Driver info: org.openqa.selenium.chrome.ChromeDriver&#10;Capabilities {acceptInsecureCerts: false, browserName: chrome, browserVersion: 105.0.5195.53, chrome: {chromedriverVersion: 104.0.5112.79 (3cf3e8c8a07d..., userDataDir: C:\Users\SENA\AppData\Local...}, goog:chromeOptions: {debuggerAddress: localhost:54543}, javascriptEnabled: true, networkConnectionEnabled: false, pageLoadStrategy: normal, platform: WINDOWS, platformName: WINDOWS, proxy: Proxy(), setWindowRect: true, strictFileInteractability: false, timeouts: {implicit: 0, pageLoad: 300000, script: 30000}, unhandledPromptBehavior: dismiss and notify, webauthn:extension:credBlob: true, webauthn:extension:largeBlob: true, webauthn:virtualAuthenticators: true}&#10;Session ID: e7251d6f3c3f19e95f67b3a40598330e" type="org.openqa.selenium.ElementClickInterceptedException">element click intercepted: Element &lt;a href="/live" class="sqs-block-button-element--small sqs-button-element--tertiary sqs-block-button-element" data-initialized="true"&gt;...&lt;/a&gt; is not clickable at point (674, 22). Other element would receive the click: &lt;a href="/#discografa-section"&gt;...&lt;/a&gt;
  (Session info: chrome=105.0.5195.53)
Build info: version: '3.141.59', revision: 'e82be7d358', time: '2018-11-14T08:17:03'
System info: host: 'DESKTOP-7PSJJ0Q', ip: '10.185.81.80', os.name: 'Windows 10', os.arch: 'amd64', os.version: '10.0', java.version: '15'
Driver info: org.openqa.selenium.chrome.ChromeDriver
Capabilities {acceptInsecureCerts: false, browserName: chrome, browserVersion: 105.0.5195.53, chrome: {chromedriverVersion: 104.0.5112.79 (3cf3e8c8a07d..., userDataDir: C:\Users\SENA\AppData\Local...}, goog:chromeOptions: {debuggerAddress: localhost:54543}, javascriptEnabled: true, networkConnectionEnabled: false, pageLoadStrategy: normal, platform: WINDOWS, platformName: WINDOWS, proxy: Proxy(), setWindowRect: true, strictFileInteractability: false, timeouts: {implicit: 0, pageLoad: 300000, script: 30000}, unhandledPromptBehavior: dismiss and notify, webauthn:extension:credBlob: true, webauthn:extension:largeBlob: true, webauthn:virtualAuthenticators: true}
Session ID: e7251d6f3c3f19e95f67b3a40598330e</error><system-err>element click intercepted: Element &lt;a href="/live" class="sqs-block-button-element--small sqs-button-element--tertiary sqs-block-button-element" data-initialized="true"&gt;...&lt;/a&gt; is not clickable at point (674, 22). Other element would receive the click: &lt;a href="/#discografa-section"&gt;...&lt;/a&gt;
  (Session info: chrome=105.0.5195.53)
Build info: version: '3.141.59', revision: 'e82be7d358', time: '2018-11-14T08:17:03'
System info: host: 'DESKTOP-7PSJJ0Q', ip: '10.185.81.80', os.name: 'Windows 10', os.arch: 'amd64', os.version: '10.0', java.version: '15'
Driver info: org.openqa.selenium.chrome.ChromeDriver
Capabilities {acceptInsecureCerts: false, browserName: chrome, browserVersion: 105.0.5195.53, chrome: {chromedriverVersion: 104.0.5112.79 (3cf3e8c8a07d..., userDataDir: C:\Users\SENA\AppData\Local...}, goog:chromeOptions: {debuggerAddress: localhost:54543}, javascriptEnabled: true, networkConnectionEnabled: false, pageLoadStrategy: normal, platform: WINDOWS, platformName: WINDOWS, proxy: Proxy(), setWindowRect: true, strictFileInteractability: false, timeouts: {implicit: 0, pageLoad: 300000, script: 30000}, unhandledPromptBehavior: dismiss and notify, webauthn:extension:credBlob: true, webauthn:extension:largeBlob: true, webauthn:virtualAuthenticators: true}
Session ID: e7251d6f3c3f19e95f67b3a40598330e&#13;
co.com.andrescepeda.tasks.Event.performAs(Event.java:22)&#13;
co.com.andrescepeda.stepdefinitions.PaginaStepDefinitions.when_you_select_the_events_option_and_the_upcoming_events_option(PaginaStepDefinitions.java:88)&#13;
cucumber.runner.Runner.runPickle(Runner.java:80)&#13;
worker.org.gradle.process.internal.worker.GradleWorkerMain.run(GradleWorkerMain.java:69)&#13;
worker.org.gradle.process.internal.worker.GradleWorkerMain.main(GradleWorkerMain.java:74)&#13;
</system-err></testcase><testcase name="Interact to website on the option Photos"/><testcase name="Interact to website on the option Store"/></testsuite>