<?xml version="1.0" encoding="UTF-8"?><testsuite errors="1" failures="0" name="Andres Cepeda" skipped="0" tests="1" time="71.96" timestamp="2022-09-01 10:24:02"><testcase name="Interact to website on the option photos Andres Cepeda"><error message="no such element: Unable to locate element: {&quot;method&quot;:&quot;xpath&quot;,&quot;selector&quot;:&quot;html/body/div/div/div/div/div[2]/div/div/div/div/div[3]/div/div/div/div/div[2]/div/article/div/div[2]/div/div/div/div/header/div[2]/div/div/div/div/div/span/a&quot;}&#10;  (Session info: chrome=105.0.5195.53)&#10;For documentation on this error, please visit: https://www.seleniumhq.org/exceptions/no_such_element.html&#10;Build info: version: '3.141.59', revision: 'e82be7d358', time: '2018-11-14T08:17:03'&#10;System info: host: 'DESKTOP-7PSJJ0Q', ip: '10.185.81.80', os.name: 'Windows 10', os.arch: 'amd64', os.version: '10.0', java.version: '15'&#10;Driver info: org.openqa.selenium.chrome.ChromeDriver&#10;Capabilities {acceptInsecureCerts: false, browserName: chrome, browserVersion: 105.0.5195.53, chrome: {chromedriverVersion: 104.0.5112.79 (3cf3e8c8a07d..., userDataDir: C:\Users\SENA\AppData\Local...}, goog:chromeOptions: {debuggerAddress: localhost:62877}, javascriptEnabled: true, networkConnectionEnabled: false, pageLoadStrategy: normal, platform: WINDOWS, platformName: WINDOWS, proxy: Proxy(), setWindowRect: true, strictFileInteractability: false, timeouts: {implicit: 0, pageLoad: 300000, script: 30000}, unhandledPromptBehavior: dismiss and notify, webauthn:extension:credBlob: true, webauthn:extension:largeBlob: true, webauthn:virtualAuthenticators: true}&#10;Session ID: 87e19f8b112381389f928cddf6d818c2&#10;*** Element info: {Using=xpath, value=html/body/div/div/div/div/div[2]/div/div/div/div/div[3]/div/div/div/div/div[2]/div/article/div/div[2]/div/div/div/div/header/div[2]/div/div/div/div/div/span/a}" type="java.lang.AssertionError">no such element: Unable to locate element: {"method":"xpath","selector":"html/body/div/div/div/div/div[2]/div/div/div/div/div[3]/div/div/div/div/div[2]/div/article/div/div[2]/div/div/div/div/header/div[2]/div/div/div/div/div/span/a"}
  (Session info: chrome=105.0.5195.53)
For documentation on this error, please visit: https://www.seleniumhq.org/exceptions/no_such_element.html
Build info: version: '3.141.59', revision: 'e82be7d358', time: '2018-11-14T08:17:03'
System info: host: 'DESKTOP-7PSJJ0Q', ip: '10.185.81.80', os.name: 'Windows 10', os.arch: 'amd64', os.version: '10.0', java.version: '15'
Driver info: org.openqa.selenium.chrome.ChromeDriver
Capabilities {acceptInsecureCerts: false, browserName: chrome, browserVersion: 105.0.5195.53, chrome: {chromedriverVersion: 104.0.5112.79 (3cf3e8c8a07d..., userDataDir: C:\Users\SENA\AppData\Local...}, goog:chromeOptions: {debuggerAddress: localhost:62877}, javascriptEnabled: true, networkConnectionEnabled: false, pageLoadStrategy: normal, platform: WINDOWS, platformName: WINDOWS, proxy: Proxy(), setWindowRect: true, strictFileInteractability: false, timeouts: {implicit: 0, pageLoad: 300000, script: 30000}, unhandledPromptBehavior: dismiss and notify, webauthn:extension:credBlob: true, webauthn:extension:largeBlob: true, webauthn:virtualAuthenticators: true}
Session ID: 87e19f8b112381389f928cddf6d818c2
*** Element info: {Using=xpath, value=html/body/div/div/div/div/div[2]/div/div/div/div/div[3]/div/div/div/div/div[2]/div/article/div/div[2]/div/div/div/div/header/div[2]/div/div/div/div/div/span/a}</error><system-err>no such element: Unable to locate element: {"method":"xpath","selector":"html/body/div/div/div/div/div[2]/div/div/div/div/div[3]/div/div/div/div/div[2]/div/article/div/div[2]/div/div/div/div/header/div[2]/div/div/div/div/div/span/a"}
  (Session info: chrome=105.0.5195.53)
For documentation on this error, please visit: https://www.seleniumhq.org/exceptions/no_such_element.html
Build info: version: '3.141.59', revision: 'e82be7d358', time: '2018-11-14T08:17:03'
System info: host: 'DESKTOP-7PSJJ0Q', ip: '10.185.81.80', os.name: 'Windows 10', os.arch: 'amd64', os.version: '10.0', java.version: '15'
Driver info: org.openqa.selenium.chrome.ChromeDriver
Capabilities {acceptInsecureCerts: false, browserName: chrome, browserVersion: 105.0.5195.53, chrome: {chromedriverVersion: 104.0.5112.79 (3cf3e8c8a07d..., userDataDir: C:\Users\SENA\AppData\Local...}, goog:chromeOptions: {debuggerAddress: localhost:62877}, javascriptEnabled: true, networkConnectionEnabled: false, pageLoadStrategy: normal, platform: WINDOWS, platformName: WINDOWS, proxy: Proxy(), setWindowRect: true, strictFileInteractability: false, timeouts: {implicit: 0, pageLoad: 300000, script: 30000}, unhandledPromptBehavior: dismiss and notify, webauthn:extension:credBlob: true, webauthn:extension:largeBlob: true, webauthn:virtualAuthenticators: true}
Session ID: 87e19f8b112381389f928cddf6d818c2
*** Element info: {Using=xpath, value=html/body/div/div/div/div/div[2]/div/div/div/div/div[3]/div/div/div/div/div[2]/div/article/div/div[2]/div/div/div/div/header/div[2]/div/div/div/div/div/span/a}&#13;
co.com.andrescepeda.stepdefinitions.PhotosStepDefinition.you_should_see_on_the_console_the_photos_information_provided_by_the_website(PhotosStepDefinition.java:50)&#13;
✽.you should see on the console the photos information provided by the website(src/test/resources/features/photos.feature:6)&#13;
</system-err></testcase></testsuite>