<?xml version="1.0" encoding="UTF-8"?><testsuite errors="1" failures="0" name="Andres Cepeda" skipped="0" tests="1" time="17.71" timestamp="2022-08-31 04:51:26"><testcase name="Interact to website Andres Cepeda"><error message="no such element: Unable to locate element: {&quot;method&quot;:&quot;xpath&quot;,&quot;selector&quot;:&quot;//*[@id='yui_3_17_2_1_1661980248247_1081']&quot;}&#10;  (Session info: chrome=105.0.5195.53)&#10;For documentation on this error, please visit: https://www.seleniumhq.org/exceptions/no_such_element.html&#10;Build info: version: '3.141.59', revision: 'e82be7d358', time: '2018-11-14T08:17:03'&#10;System info: host: 'DESKTOP-7PSJJ0Q', ip: '10.185.81.80', os.name: 'Windows 10', os.arch: 'amd64', os.version: '10.0', java.version: '15'&#10;Driver info: org.openqa.selenium.chrome.ChromeDriver&#10;Capabilities {acceptInsecureCerts: false, browserName: chrome, browserVersion: 105.0.5195.53, chrome: {chromedriverVersion: 104.0.5112.79 (3cf3e8c8a07d..., userDataDir: C:\Users\SENA\AppData\Local...}, goog:chromeOptions: {debuggerAddress: localhost:53714}, javascriptEnabled: true, networkConnectionEnabled: false, pageLoadStrategy: normal, platform: WINDOWS, platformName: WINDOWS, proxy: Proxy(), setWindowRect: true, strictFileInteractability: false, timeouts: {implicit: 0, pageLoad: 300000, script: 30000}, unhandledPromptBehavior: dismiss and notify, webauthn:extension:credBlob: true, webauthn:extension:largeBlob: true, webauthn:virtualAuthenticators: true}&#10;Session ID: 542910de9ef9c871ad4048cd988d5aba&#10;*** Element info: {Using=xpath, value=//*[@id='yui_3_17_2_1_1661980248247_1081']}" type="org.openqa.selenium.NoSuchElementException">no such element: Unable to locate element: {"method":"xpath","selector":"//*[@id='yui_3_17_2_1_1661980248247_1081']"}
  (Session info: chrome=105.0.5195.53)
For documentation on this error, please visit: https://www.seleniumhq.org/exceptions/no_such_element.html
Build info: version: '3.141.59', revision: 'e82be7d358', time: '2018-11-14T08:17:03'
System info: host: 'DESKTOP-7PSJJ0Q', ip: '10.185.81.80', os.name: 'Windows 10', os.arch: 'amd64', os.version: '10.0', java.version: '15'
Driver info: org.openqa.selenium.chrome.ChromeDriver
Capabilities {acceptInsecureCerts: false, browserName: chrome, browserVersion: 105.0.5195.53, chrome: {chromedriverVersion: 104.0.5112.79 (3cf3e8c8a07d..., userDataDir: C:\Users\SENA\AppData\Local...}, goog:chromeOptions: {debuggerAddress: localhost:53714}, javascriptEnabled: true, networkConnectionEnabled: false, pageLoadStrategy: normal, platform: WINDOWS, platformName: WINDOWS, proxy: Proxy(), setWindowRect: true, strictFileInteractability: false, timeouts: {implicit: 0, pageLoad: 300000, script: 30000}, unhandledPromptBehavior: dismiss and notify, webauthn:extension:credBlob: true, webauthn:extension:largeBlob: true, webauthn:virtualAuthenticators: true}
Session ID: 542910de9ef9c871ad4048cd988d5aba
*** Element info: {Using=xpath, value=//*[@id='yui_3_17_2_1_1661980248247_1081']}</error><system-err>no such element: Unable to locate element: {"method":"xpath","selector":"//*[@id='yui_3_17_2_1_1661980248247_1081']"}
  (Session info: chrome=105.0.5195.53)
For documentation on this error, please visit: https://www.seleniumhq.org/exceptions/no_such_element.html
Build info: version: '3.141.59', revision: 'e82be7d358', time: '2018-11-14T08:17:03'
System info: host: 'DESKTOP-7PSJJ0Q', ip: '10.185.81.80', os.name: 'Windows 10', os.arch: 'amd64', os.version: '10.0', java.version: '15'
Driver info: org.openqa.selenium.chrome.ChromeDriver
Capabilities {acceptInsecureCerts: false, browserName: chrome, browserVersion: 105.0.5195.53, chrome: {chromedriverVersion: 104.0.5112.79 (3cf3e8c8a07d..., userDataDir: C:\Users\SENA\AppData\Local...}, goog:chromeOptions: {debuggerAddress: localhost:53714}, javascriptEnabled: true, networkConnectionEnabled: false, pageLoadStrategy: normal, platform: WINDOWS, platformName: WINDOWS, proxy: Proxy(), setWindowRect: true, strictFileInteractability: false, timeouts: {implicit: 0, pageLoad: 300000, script: 30000}, unhandledPromptBehavior: dismiss and notify, webauthn:extension:credBlob: true, webauthn:extension:largeBlob: true, webauthn:virtualAuthenticators: true}
Session ID: 542910de9ef9c871ad4048cd988d5aba
*** Element info: {Using=xpath, value=//*[@id='yui_3_17_2_1_1661980248247_1081']}&#13;
co.com.andrescepeda.tasks.ObtainInformationEvents.performAs(ObtainInformationEvents.java:20)&#13;
co.com.andrescepeda.stepdefinitions.AndresCepedaStepDefinition.select_the_option_Eventos_and_select_the_one_publication(AndresCepedaStepDefinition.java:41)&#13;
cucumber.runner.Runner.runPickle(Runner.java:80)&#13;
worker.org.gradle.process.internal.worker.GradleWorkerMain.run(GradleWorkerMain.java:69)&#13;
worker.org.gradle.process.internal.worker.GradleWorkerMain.main(GradleWorkerMain.java:74)&#13;
</system-err></testcase></testsuite>